2003.04.10 11:09 B c:\ftowa\images\dwel09m.jpg <-- ftowa.com old /public_html/images dwel09m.jpg
2003.04.10 11:09 B c:\ftowa\images\dwel09m_t.jpg <-- ftowa.com old /public_html/images dwel09m_t.jpg
2003.04.10 11:09 B c:\ftowa\images\dwel10j.jpg <-- ftowa.com old /public_html/images dwel10j.jpg
2003.04.10 11:09 B c:\ftowa\images\dwel10j_t.jpg <-- ftowa.com old /public_html/images dwel10j_t.jpg
2003.04.10 11:09 B c:\ftowa\images\FTOWAFlyer.gif <-- ftowa.com old /public_html/images FTOWAFlyer.gif
2003.04.10 11:09 B c:\ftowa\images\jcars.jpg <-- ftowa.com old /public_html/images jcars.jpg
2003.04.10 11:09 B c:\ftowa\images\jcars.png <-- ftowa.com old /public_html/images jcars.png
2003.04.10 11:10 B c:\ftowa\images\jojoscap.jpg <-- ftowa.com old /public_html/images jojoscap.jpg
2003.04.10 11:10 B c:\ftowa\images\mainTitle.png <-- ftowa.com old /public_html/images mainTitle.png
2003.04.10 11:10 B c:\ftowa\images\mainTitleSmall.png <-- ftowa.com old /public_html/images mainTitleSmall.png
2003.04.10 11:10 B c:\ftowa\images\portrait.jpg <-- ftowa.com old /public_html/images portrait.jpg
2003.04.10 11:10 B c:\ftowa\images\seperator.gif <-- ftowa.com old /public_html/images seperator.gif
2003.04.10 11:10 B c:\ftowa\images\StickerLarge.jpg <-- ftowa.com old /public_html/images StickerLarge.jpg
2003.04.10 11:10 B c:\ftowa\images\StickerSmall.jpg <-- ftowa.com old /public_html/images StickerSmall.jpg
2003.04.10 11:10 B c:\ftowa\images\workshopart01_1.jpg <-- ftowa.com old /public_html/images workshopart01_1.jpg
2003.04.10 11:10 B c:\ftowa\images\workshopart01_2.jpg <-- ftowa.com old /public_html/images workshopart01_2.jpg
2003.04.10 11:10 B c:\ftowa\images\workshopart01_3.jpg <-- ftowa.com old /public_html/images workshopart01_3.jpg
2003.04.10 11:10 B c:\ftowa\images\workshopart01_4.jpg <-- ftowa.com old /public_html/images workshopart01_4.jpg
2003.04.10 11:10 B c:\ftowa\images\workshopart02_1.jpg <-- ftowa.com old /public_html/images workshopart02_1.jpg
2003.04.10 11:10 B c:\ftowa\images\workshopart03_1.jpg <-- ftowa.com old /public_html/images workshopart03_1.jpg
2003.04.10 11:10 B c:\ftowa\images\workshopart03_2.jpg <-- ftowa.com old /public_html/images workshopart03_2.jpg
2003.04.10 11:10 B c:\ftowa\images\workshopart03_3.jpg <-- ftowa.com old /public_html/images workshopart03_3.jpg
2003.04.10 11:10 B c:\ftowa\images\workshopart03_4.jpg <-- ftowa.com old /public_html/images workshopart03_4.jpg
2003.04.10 11:10 B c:\ftowa\images\workshopart03_5.jpg <-- ftowa.com old /public_html/images workshopart03_5.jpg
2003.04.10 11:10 B c:\ftowa\images\workshopart04_1.jpg <-- ftowa.com old /public_html/images workshopart04_1.jpg
2003.04.10 11:10 B c:\ftowa\images\workshopart04_2.jpg <-- ftowa.com old /public_html/images workshopart04_2.jpg
2003.04.10 11:10 B c:\ftowa\images\workshopart04_3.jpg <-- ftowa.com old /public_html/images workshopart04_3.jpg
2003.04.10 11:10 B c:\ftowa\images\workshopart04_4.png <-- ftowa.com old /public_html/images workshopart04_4.png
2003.04.10 11:11 B c:\ftowa\images\workshopart04_5.jpg <-- ftowa.com old /public_html/images workshopart04_5.jpg
2003.04.10 11:11 B c:\ftowa\images\workshopart04_6.png <-- ftowa.com old /public_html/images workshopart04_6.png
2003.04.10 11:11 B c:\ftowa\images\workshopart04_7.png <-- ftowa.com old /public_html/images workshopart04_7.png
2003.04.10 11:11 B c:\ftowa\images\workshopart05_1.jpg <-- ftowa.com old /public_html/images workshopart05_1.jpg
2003.04.10 11:11 B c:\ftowa\images\workshopart05_2.jpg <-- ftowa.com old /public_html/images workshopart05_2.jpg
2003.04.10 11:11 B c:\ftowa\images\workshopart05_3.png <-- ftowa.com old /public_html/images workshopart05_3.png
2003.04.10 11:11 B c:\ftowa\images\workshopart06_1.png <-- ftowa.com old /public_html/images workshopart06_1.png
2003.04.10 11:11 B c:\ftowa\images\workshopart06_2.png <-- ftowa.com old /public_html/images workshopart06_2.png
2003.04.10 11:11 B c:\ftowa\images\workshopart06_3.png <-- ftowa.com old /public_html/images workshopart06_3.png
2003.04.10 11:11 B c:\ftowa\images\workshopart06_4.png <-- ftowa.com old /public_html/images workshopart06_4.png
2003.04.10 11:11 B c:\ftowa\images\workshopart06_5.png <-- ftowa.com old /public_html/images workshopart06_5.png
2003.04.10 11:11 B c:\ftowa\images\workshopart06_6.png <-- ftowa.com old /public_html/images workshopart06_6.png
2003.04.10 11:11 B c:\ftowa\images\workshopart07_1.jpg <-- ftowa.com old /public_html/images workshopart07_1.jpg
2003.04.10 11:11 B c:\ftowa\images\workshopart07_2.jpg <-- ftowa.com old /public_html/images workshopart07_2.jpg
2003.04.10 11:11 B c:\ftowa\images\workshopart07_2_t.jpg <-- ftowa.com old /public_html/images workshopart07_2_t.jpg
2003.04.10 11:11 B c:\ftowa\images\workshopart07_3.jpg <-- ftowa.com old /public_html/images workshopart07_3.jpg
2003.04.10 11:11 B c:\ftowa\images\workshopart07_3_t.jpg <-- ftowa.com old /public_html/images workshopart07_3_t.jpg
2003.04.10 11:11 B c:\ftowa\images\workshopart07_4.jpg <-- ftowa.com old /public_html/images workshopart07_4.jpg
2003.04.10 11:11 B c:\ftowa\images\workshopart07_4_t.jpg <-- ftowa.com old /public_html/images workshopart07_4_t.jpg
2003.04.10 11:12 B c:\ftowa\images\workshopart07_5_anim.gif <-- ftowa.com old /public_html/images workshopart07_5_anim.gif
2003.04.10 11:12 B c:\ftowa\images\workshopart08_DynoBeforeCambeltChange.jpg <-- ftowa.com old /public_html/images workshopart08_DynoBeforeCambeltChange.jpg
2003.04.10 11:12 B c:\ftowa\images\WorkShopMarkACar.jpg <-- ftowa.com old /public_html/images WorkShopMarkACar.jpg
2003.04.10 11:12 B c:\ftowa\images\workshoppart08_CambeltDiagram.png <-- ftowa.com old /public_html/images workshoppart08_CambeltDiagram.png
2003.04.10 11:12 B c:\ftowa\images\workshoppart08_JanPowerComparison.png <-- ftowa.com old /public_html/images workshoppart08_JanPowerComparison.png
2003.04.10 11:12 B c:\ftowa\images\workshoppart08_JanTorqueComparison.png <-- ftowa.com old /public_html/images workshoppart08_JanTorqueComparison.png
2003.04.10 11:12 B c:\ftowa\images\workshoppart08_MyareeDyno.gif <-- ftowa.com old /public_html/images workshoppart08_MyareeDyno.gif
2003.04.10 11:12 B c:\ftowa\images\workshoppart08_NovHomeDyno.png <-- ftowa.com old /public_html/images workshoppart08_NovHomeDyno.png
2003.04.10 11:24 B c:\ftowa\images\dwel09m.jpg --> ftp01.powweb.com /htdocs/images dwel09m.jpg
2003.04.10 11:24 B c:\ftowa\images\dwel09m_t.jpg --> ftp01.powweb.com /htdocs/images dwel09m_t.jpg
2003.04.10 11:24 B c:\ftowa\images\dwel10j.jpg --> ftp01.powweb.com /htdocs/images dwel10j.jpg
2003.04.10 11:24 B c:\ftowa\images\dwel10j_t.jpg --> ftp01.powweb.com /htdocs/images dwel10j_t.jpg
2003.04.10 11:24 B c:\ftowa\images\jojoscap.jpg --> ftp01.powweb.com /htdocs/images jojoscap.jpg
2003.04.10 11:24 B c:\ftowa\images\portrait.jpg --> ftp01.powweb.com /htdocs/images portrait.jpg
