2003.04.10 11:07 B c:\ftowa\html\ASNews.html <-- ftowa.com old /public_html/html ASNews.html
2003.04.10 11:07 B c:\ftowa\html\AutoNews.html <-- ftowa.com old /public_html/html AutoNews.html
2003.04.10 11:07 B c:\ftowa\html\badpassword.html <-- ftowa.com old /public_html/html badpassword.html
2003.04.10 11:07 B c:\ftowa\html\calendar.html <-- ftowa.com old /public_html/html calendar.html
2003.04.10 11:07 B c:\ftowa\html\contact.html <-- ftowa.com old /public_html/html contact.html
2003.04.10 11:08 B c:\ftowa\html\feature.html <-- ftowa.com old /public_html/html feature.html
2003.04.10 11:08 B c:\ftowa\html\gallery.html <-- ftowa.com old /public_html/html gallery.html
2003.04.10 11:08 B c:\ftowa\html\join.html <-- ftowa.com old /public_html/html join.html
2003.04.10 11:08 B c:\ftowa\html\joinThanks.html <-- ftowa.com old /public_html/html joinThanks.html
2003.04.10 11:08 B c:\ftowa\html\links.html <-- ftowa.com old /public_html/html links.html
2003.04.10 11:08 B c:\ftowa\html\memberdetailsedit.html <-- ftowa.com old /public_html/html memberdetailsedit.html
2003.04.10 11:08 B c:\ftowa\html\memberlisttemplate.html <-- ftowa.com old /public_html/html memberlisttemplate.html
2003.04.10 11:08 B c:\ftowa\html\memberprofiletemplate.html <-- ftowa.com old /public_html/html memberprofiletemplate.html
2003.04.10 11:08 B c:\ftowa\html\members.html <-- ftowa.com old /public_html/html members.html
2003.04.10 11:08 B c:\ftowa\html\messageboard.html <-- ftowa.com old /public_html/html messageboard.html
2003.04.10 11:08 B c:\ftowa\html\notfound.html <-- ftowa.com old /public_html/html notfound.html
2003.04.10 11:08 B c:\ftowa\html\template2.html <-- ftowa.com old /public_html/html template2.html
2003.04.10 11:08 B c:\ftowa\html\termsandconditions.html <-- ftowa.com old /public_html/html termsandconditions.html
2003.04.10 11:08 B c:\ftowa\html\TMPg1dfzhybc.htm <-- ftowa.com old /public_html/html TMPg1dfzhybc.htm
2003.04.10 11:08 B c:\ftowa\html\updatesuccess.html <-- ftowa.com old /public_html/html updatesuccess.html
2003.04.10 11:08 B c:\ftowa\html\workshop.html <-- ftowa.com old /public_html/html workshop.html
2003.04.10 11:23 B c:\ftowa\html\calendar.html --> ftp01.powweb.com /htdocs/html calendar.html
2003.04.10 11:23 B c:\ftowa\html\members.html --> ftp01.powweb.com /htdocs/html members.html
2003.04.10 11:23 B c:\ftowa\html\notfound.html --> ftp01.powweb.com /htdocs/html notfound.html
2003.04.10 11:23 B c:\ftowa\html\template2.html --> ftp01.powweb.com /htdocs/html template2.html
2003.04.10 11:23 B c:\ftowa\html\TMPg1dfzhybc.htm --> ftp01.powweb.com /htdocs/html TMPg1dfzhybc.htm
